<?xml version="1.0" encoding="UTF-8"?>
<!-- Generated by org.testng.reporters.JUnitReportReporter -->
<testsuite hostname="DESKTOP-U704183" failures="0" tests="5" name="Final.AutomationStore" time="36.635" errors="0" timestamp="2024-01-01T16:17:28 PST" skipped="0">
  <testcase classname="Final.AutomationStore" name="SignupTest" time="9.396"/>
  <system-out/>
  <testcase classname="Final.AutomationStore" name="LogInTest" time="1.488"/>
  <system-out/>
  <testcase classname="Final.AutomationStore" name="AddToCart" time="21.936"/>
  <system-out/>
  <testcase classname="Final.AutomationStore" name="TheSumOfAllItems" time="1.270"/>
  <system-out/>
  <testcase classname="Final.AutomationStore" name="Checkoutprocess" time="2.545"/>
  <system-out/>
</testsuite> <!-- Final.AutomationStore -->
